[    4468ms] [ERROR] Failed to load resource: the server responded with a status of 401 () @ https://gallant-intuition-production-698a.up.railway.app/api/auth/me:0
[    5206ms] [VERBOSE] [DOM] Input elements should have autocomplete attributes (suggested: "current-password"): (More info: https://goo.gl/9p2vKq) %o @ https://www.thook.ai/auth?expired=1:0
[    5480ms] [ERROR] Failed to load resource: the server responded with a status of 401 () @ https://gallant-intuition-production-698a.up.railway.app/api/auth/me:0
[    5573ms] [VERBOSE] [DOM] Input elements should have autocomplete attributes (suggested: "current-password"): (More info: https://goo.gl/9p2vKq) %o @ https://www.thook.ai/auth?expired=1:0
[    6079ms] [ERROR] Failed to load resource: the server responded with a status of 401 () @ https://gallant-intuition-production-698a.up.railway.app/api/auth/me:0
[    6175ms] [VERBOSE] [DOM] Input elements should have autocomplete attributes (suggested: "current-password"): (More info: https://goo.gl/9p2vKq) %o @ https://www.thook.ai/auth?expired=1:0
[    6600ms] [ERROR] Failed to load resource: the server responded with a status of 401 () @ https://gallant-intuition-production-698a.up.railway.app/api/auth/me:0
[    6769ms] [VERBOSE] [DOM] Input elements should have autocomplete attributes (suggested: "current-password"): (More info: https://goo.gl/9p2vKq) %o @ https://www.thook.ai/auth?expired=1:0
[    7226ms] [ERROR] Failed to load resource: the server responded with a status of 401 () @ https://gallant-intuition-production-698a.up.railway.app/api/auth/me:0
[    7338ms] [VERBOSE] [DOM] Input elements should have autocomplete attributes (suggested: "current-password"): (More info: https://goo.gl/9p2vKq) %o @ https://www.thook.ai/auth?expired=1:0
[    7793ms] [ERROR] Failed to load resource: the server responded with a status of 401 () @ https://gallant-intuition-production-698a.up.railway.app/api/auth/me:0
[    7910ms] [VERBOSE] [DOM] Input elements should have autocomplete attributes (suggested: "current-password"): (More info: https://goo.gl/9p2vKq) %o @ https://www.thook.ai/auth?expired=1:0
[    8277ms] [ERROR] Failed to load resource: the server responded with a status of 401 () @ https://gallant-intuition-production-698a.up.railway.app/api/auth/me:0
[    8423ms] [VERBOSE] [DOM] Input elements should have autocomplete attributes (suggested: "current-password"): (More info: https://goo.gl/9p2vKq) %o @ https://www.thook.ai/auth?expired=1:0
[    8687ms] [ERROR] Failed to load resource: the server responded with a status of 401 () @ https://gallant-intuition-production-698a.up.railway.app/api/auth/me:0
[    8887ms] [VERBOSE] [DOM] Input elements should have autocomplete attributes (suggested: "current-password"): (More info: https://goo.gl/9p2vKq) %o @ https://www.thook.ai/auth?expired=1:0
[    9150ms] [ERROR] Failed to load resource: the server responded with a status of 401 () @ https://gallant-intuition-production-698a.up.railway.app/api/auth/me:0
[    9248ms] [VERBOSE] [DOM] Input elements should have autocomplete attributes (suggested: "current-password"): (More info: https://goo.gl/9p2vKq) %o @ https://www.thook.ai/auth?expired=1:0
[    9844ms] [ERROR] Failed to load resource: the server responded with a status of 401 () @ https://gallant-intuition-production-698a.up.railway.app/api/auth/me:0
[    9958ms] [VERBOSE] [DOM] Input elements should have autocomplete attributes (suggested: "current-password"): (More info: https://goo.gl/9p2vKq) %o @ https://www.thook.ai/auth?expired=1:0
[   10236ms] [ERROR] Failed to load resource: the server responded with a status of 401 () @ https://gallant-intuition-production-698a.up.railway.app/api/auth/me:0
[   10443ms] [VERBOSE] [DOM] Input elements should have autocomplete attributes (suggested: "current-password"): (More info: https://goo.gl/9p2vKq) %o @ https://www.thook.ai/auth?expired=1:0
[   10706ms] [ERROR] Failed to load resource: the server responded with a status of 401 () @ https://gallant-intuition-production-698a.up.railway.app/api/auth/me:0
[   10813ms] [VERBOSE] [DOM] Input elements should have autocomplete attributes (suggested: "current-password"): (More info: https://goo.gl/9p2vKq) %o @ https://www.thook.ai/auth?expired=1:0
[   11253ms] [ERROR] Failed to load resource: the server responded with a status of 401 () @ https://gallant-intuition-production-698a.up.railway.app/api/auth/me:0
[   11353ms] [VERBOSE] [DOM] Input elements should have autocomplete attributes (suggested: "current-password"): (More info: https://goo.gl/9p2vKq) %o @ https://www.thook.ai/auth?expired=1:0
[   11750ms] [ERROR] Failed to load resource: the server responded with a status of 401 () @ https://gallant-intuition-production-698a.up.railway.app/api/auth/me:0
[   11864ms] [VERBOSE] [DOM] Input elements should have autocomplete attributes (suggested: "current-password"): (More info: https://goo.gl/9p2vKq) %o @ https://www.thook.ai/auth?expired=1:0
[   12288ms] [ERROR] Failed to load resource: the server responded with a status of 401 () @ https://gallant-intuition-production-698a.up.railway.app/api/auth/me:0
[   12381ms] [VERBOSE] [DOM] Input elements should have autocomplete attributes (suggested: "current-password"): (More info: https://goo.gl/9p2vKq) %o @ https://www.thook.ai/auth?expired=1:0
[   12797ms] [ERROR] Failed to load resource: the server responded with a status of 401 () @ https://gallant-intuition-production-698a.up.railway.app/api/auth/me:0
[   13049ms] [VERBOSE] [DOM] Input elements should have autocomplete attributes (suggested: "current-password"): (More info: https://goo.gl/9p2vKq) %o @ https://www.thook.ai/auth?expired=1:0
[   13322ms] [ERROR] Failed to load resource: the server responded with a status of 401 () @ https://gallant-intuition-production-698a.up.railway.app/api/auth/me:0
[   13411ms] [VERBOSE] [DOM] Input elements should have autocomplete attributes (suggested: "current-password"): (More info: https://goo.gl/9p2vKq) %o @ https://www.thook.ai/auth?expired=1:0
[   13694ms] [ERROR] Failed to load resource: the server responded with a status of 401 () @ https://gallant-intuition-production-698a.up.railway.app/api/auth/me:0
[   13887ms] [VERBOSE] [DOM] Input elements should have autocomplete attributes (suggested: "current-password"): (More info: https://goo.gl/9p2vKq) %o @ https://www.thook.ai/auth?expired=1:0
[   14144ms] [ERROR] Failed to load resource: the server responded with a status of 401 () @ https://gallant-intuition-production-698a.up.railway.app/api/auth/me:0
[   14225ms] [VERBOSE] [DOM] Input elements should have autocomplete attributes (suggested: "current-password"): (More info: https://goo.gl/9p2vKq) %o @ https://www.thook.ai/auth?expired=1:0
[   14560ms] [ERROR] Failed to load resource: the server responded with a status of 401 () @ https://gallant-intuition-production-698a.up.railway.app/api/auth/me:0
[   14657ms] [VERBOSE] [DOM] Input elements should have autocomplete attributes (suggested: "current-password"): (More info: https://goo.gl/9p2vKq) %o @ https://www.thook.ai/auth?expired=1:0
[   15159ms] [ERROR] Failed to load resource: the server responded with a status of 401 () @ https://gallant-intuition-production-698a.up.railway.app/api/auth/me:0
[   15281ms] [VERBOSE] [DOM] Input elements should have autocomplete attributes (suggested: "current-password"): (More info: https://goo.gl/9p2vKq) %o @ https://www.thook.ai/auth?expired=1:0
[   15612ms] [ERROR] Failed to load resource: the server responded with a status of 401 () @ https://gallant-intuition-production-698a.up.railway.app/api/auth/me:0
[   15712ms] [VERBOSE] [DOM] Input elements should have autocomplete attributes (suggested: "current-password"): (More info: https://goo.gl/9p2vKq) %o @ https://www.thook.ai/auth?expired=1:0
[   16008ms] [ERROR] Failed to load resource: the server responded with a status of 401 () @ https://gallant-intuition-production-698a.up.railway.app/api/auth/me:0
[   16194ms] [VERBOSE] [DOM] Input elements should have autocomplete attributes (suggested: "current-password"): (More info: https://goo.gl/9p2vKq) %o @ https://www.thook.ai/auth?expired=1:0
[   16701ms] [ERROR] Failed to load resource: the server responded with a status of 401 () @ https://gallant-intuition-production-698a.up.railway.app/api/auth/me:0
[   16807ms] [VERBOSE] [DOM] Input elements should have autocomplete attributes (suggested: "current-password"): (More info: https://goo.gl/9p2vKq) %o @ https://www.thook.ai/auth?expired=1:0
[   17261ms] [ERROR] Failed to load resource: the server responded with a status of 401 () @ https://gallant-intuition-production-698a.up.railway.app/api/auth/me:0
[   17365ms] [VERBOSE] [DOM] Input elements should have autocomplete attributes (suggested: "current-password"): (More info: https://goo.gl/9p2vKq) %o @ https://www.thook.ai/auth?expired=1:0
[   17707ms] [ERROR] Failed to load resource: the server responded with a status of 401 () @ https://gallant-intuition-production-698a.up.railway.app/api/auth/me:0
[   17799ms] [VERBOSE] [DOM] Input elements should have autocomplete attributes (suggested: "current-password"): (More info: https://goo.gl/9p2vKq) %o @ https://www.thook.ai/auth?expired=1:0
[   18084ms] [ERROR] Failed to load resource: the server responded with a status of 401 () @ https://gallant-intuition-production-698a.up.railway.app/api/auth/me:0
[   18276ms] [VERBOSE] [DOM] Input elements should have autocomplete attributes (suggested: "current-password"): (More info: https://goo.gl/9p2vKq) %o @ https://www.thook.ai/auth?expired=1:0
[   18564ms] [ERROR] Failed to load resource: the server responded with a status of 401 () @ https://gallant-intuition-production-698a.up.railway.app/api/auth/me:0
[   18650ms] [VERBOSE] [DOM] Input elements should have autocomplete attributes (suggested: "current-password"): (More info: https://goo.gl/9p2vKq) %o @ https://www.thook.ai/auth?expired=1:0
[   19104ms] [ERROR] Failed to load resource: the server responded with a status of 401 () @ https://gallant-intuition-production-698a.up.railway.app/api/auth/me:0
[   19218ms] [VERBOSE] [DOM] Input elements should have autocomplete attributes (suggested: "current-password"): (More info: https://goo.gl/9p2vKq) %o @ https://www.thook.ai/auth?expired=1:0
[   19803ms] [ERROR] Failed to load resource: the server responded with a status of 401 () @ https://gallant-intuition-production-698a.up.railway.app/api/auth/me:0
[   19907ms] [VERBOSE] [DOM] Input elements should have autocomplete attributes (suggested: "current-password"): (More info: https://goo.gl/9p2vKq) %o @ https://www.thook.ai/auth?expired=1:0
[   20364ms] [ERROR] Failed to load resource: the server responded with a status of 401 () @ https://gallant-intuition-production-698a.up.railway.app/api/auth/me:0
[   20500ms] [VERBOSE] [DOM] Input elements should have autocomplete attributes (suggested: "current-password"): (More info: https://goo.gl/9p2vKq) %o @ https://www.thook.ai/auth?expired=1:0
[   20851ms] [ERROR] Failed to load resource: the server responded with a status of 401 () @ https://gallant-intuition-production-698a.up.railway.app/api/auth/me:0
[   20939ms] [VERBOSE] [DOM] Input elements should have autocomplete attributes (suggested: "current-password"): (More info: https://goo.gl/9p2vKq) %o @ https://www.thook.ai/auth?expired=1:0
[   21231ms] [ERROR] Failed to load resource: the server responded with a status of 401 () @ https://gallant-intuition-production-698a.up.railway.app/api/auth/me:0
[   21480ms] [VERBOSE] [DOM] Input elements should have autocomplete attributes (suggested: "current-password"): (More info: https://goo.gl/9p2vKq) %o @ https://www.thook.ai/auth?expired=1:0
[   21900ms] [ERROR] Failed to load resource: the server responded with a status of 401 () @ https://gallant-intuition-production-698a.up.railway.app/api/auth/me:0
[   21973ms] [VERBOSE] [DOM] Input elements should have autocomplete attributes (suggested: "current-password"): (More info: https://goo.gl/9p2vKq) %o @ https://www.thook.ai/auth?expired=1:0
[   22268ms] [ERROR] Failed to load resource: the server responded with a status of 401 () @ https://gallant-intuition-production-698a.up.railway.app/api/auth/me:0
[   22346ms] [VERBOSE] [DOM] Input elements should have autocomplete attributes (suggested: "current-password"): (More info: https://goo.gl/9p2vKq) %o @ https://www.thook.ai/auth?expired=1:0
[   22756ms] [ERROR] Failed to load resource: the server responded with a status of 401 () @ https://gallant-intuition-production-698a.up.railway.app/api/auth/me:0
[   22875ms] [VERBOSE] [DOM] Input elements should have autocomplete attributes (suggested: "current-password"): (More info: https://goo.gl/9p2vKq) %o @ https://www.thook.ai/auth?expired=1:0
[   23148ms] [ERROR] Failed to load resource: the server responded with a status of 401 () @ https://gallant-intuition-production-698a.up.railway.app/api/auth/me:0
[   23345ms] [VERBOSE] [DOM] Input elements should have autocomplete attributes (suggested: "current-password"): (More info: https://goo.gl/9p2vKq) %o @ https://www.thook.ai/auth?expired=1:0
[   23637ms] [ERROR] Failed to load resource: the server responded with a status of 401 () @ https://gallant-intuition-production-698a.up.railway.app/api/auth/me:0
[   23737ms] [VERBOSE] [DOM] Input elements should have autocomplete attributes (suggested: "current-password"): (More info: https://goo.gl/9p2vKq) %o @ https://www.thook.ai/auth?expired=1:0
[   24084ms] [ERROR] Failed to load resource: the server responded with a status of 401 () @ https://gallant-intuition-production-698a.up.railway.app/api/auth/me:0
[   24192ms] [VERBOSE] [DOM] Input elements should have autocomplete attributes (suggested: "current-password"): (More info: https://goo.gl/9p2vKq) %o @ https://www.thook.ai/auth?expired=1:0
[   24523ms] [ERROR] Failed to load resource: the server responded with a status of 401 () @ https://gallant-intuition-production-698a.up.railway.app/api/auth/me:0
[   24613ms] [VERBOSE] [DOM] Input elements should have autocomplete attributes (suggested: "current-password"): (More info: https://goo.gl/9p2vKq) %o @ https://www.thook.ai/auth?expired=1:0
[   24887ms] [ERROR] Failed to load resource: the server responded with a status of 401 () @ https://gallant-intuition-production-698a.up.railway.app/api/auth/me:0
[   25158ms] [VERBOSE] [DOM] Input elements should have autocomplete attributes (suggested: "current-password"): (More info: https://goo.gl/9p2vKq) %o @ https://www.thook.ai/auth?expired=1:0
[   25412ms] [ERROR] Failed to load resource: the server responded with a status of 401 () @ https://gallant-intuition-production-698a.up.railway.app/api/auth/me:0
[   25505ms] [VERBOSE] [DOM] Input elements should have autocomplete attributes (suggested: "current-password"): (More info: https://goo.gl/9p2vKq) %o @ https://www.thook.ai/auth?expired=1:0
[   26094ms] [ERROR] Failed to load resource: the server responded with a status of 401 () @ https://gallant-intuition-production-698a.up.railway.app/api/auth/me:0
[   26190ms] [VERBOSE] [DOM] Input elements should have autocomplete attributes (suggested: "current-password"): (More info: https://goo.gl/9p2vKq) %o @ https://www.thook.ai/auth?expired=1:0
[   26469ms] [ERROR] Failed to load resource: the server responded with a status of 401 () @ https://gallant-intuition-production-698a.up.railway.app/api/auth/me:0
[   26553ms] [VERBOSE] [DOM] Input elements should have autocomplete attributes (suggested: "current-password"): (More info: https://goo.gl/9p2vKq) %o @ https://www.thook.ai/auth?expired=1:0
[   26953ms] [ERROR] Failed to load resource: the server responded with a status of 401 () @ https://gallant-intuition-production-698a.up.railway.app/api/auth/me:0
[   27080ms] [VERBOSE] [DOM] Input elements should have autocomplete attributes (suggested: "current-password"): (More info: https://goo.gl/9p2vKq) %o @ https://www.thook.ai/auth?expired=1:0
[   27478ms] [ERROR] Failed to load resource: the server responded with a status of 401 () @ https://gallant-intuition-production-698a.up.railway.app/api/auth/me:0
[   27573ms] [VERBOSE] [DOM] Input elements should have autocomplete attributes (suggested: "current-password"): (More info: https://goo.gl/9p2vKq) %o @ https://www.thook.ai/auth?expired=1:0
[   27854ms] [ERROR] Failed to load resource: the server responded with a status of 401 () @ https://gallant-intuition-production-698a.up.railway.app/api/auth/me:0
[   28119ms] [VERBOSE] [DOM] Input elements should have autocomplete attributes (suggested: "current-password"): (More info: https://goo.gl/9p2vKq) %o @ https://www.thook.ai/auth?expired=1:0
[   28327ms] [ERROR] Failed to load resource: the server responded with a status of 401 () @ https://gallant-intuition-production-698a.up.railway.app/api/auth/me:0
[   28416ms] [VERBOSE] [DOM] Input elements should have autocomplete attributes (suggested: "current-password"): (More info: https://goo.gl/9p2vKq) %o @ https://www.thook.ai/auth?expired=1:0
[   28841ms] [ERROR] Failed to load resource: the server responded with a status of 401 () @ https://gallant-intuition-production-698a.up.railway.app/api/auth/me:0
[   28941ms] [VERBOSE] [DOM] Input elements should have autocomplete attributes (suggested: "current-password"): (More info: https://goo.gl/9p2vKq) %o @ https://www.thook.ai/auth?expired=1:0
[   29241ms] [ERROR] Failed to load resource: the server responded with a status of 401 () @ https://gallant-intuition-production-698a.up.railway.app/api/auth/me:0
[   29346ms] [VERBOSE] [DOM] Input elements should have autocomplete attributes (suggested: "current-password"): (More info: https://goo.gl/9p2vKq) %o @ https://www.thook.ai/auth?expired=1:0
[   29609ms] [ERROR] Failed to load resource: the server responded with a status of 401 () @ https://gallant-intuition-production-698a.up.railway.app/api/auth/me:0
[   29704ms] [VERBOSE] [DOM] Input elements should have autocomplete attributes (suggested: "current-password"): (More info: https://goo.gl/9p2vKq) %o @ https://www.thook.ai/auth?expired=1:0
[   30294ms] [ERROR] Failed to load resource: the server responded with a status of 401 () @ https://gallant-intuition-production-698a.up.railway.app/api/auth/me:0
[   30400ms] [VERBOSE] [DOM] Input elements should have autocomplete attributes (suggested: "current-password"): (More info: https://goo.gl/9p2vKq) %o @ https://www.thook.ai/auth?expired=1:0
[   30687ms] [ERROR] Failed to load resource: the server responded with a status of 401 () @ https://gallant-intuition-production-698a.up.railway.app/api/auth/me:0
[   30857ms] [VERBOSE] [DOM] Input elements should have autocomplete attributes (suggested: "current-password"): (More info: https://goo.gl/9p2vKq) %o @ https://www.thook.ai/auth?expired=1:0
[   31363ms] [ERROR] Failed to load resource: the server responded with a status of 401 () @ https://gallant-intuition-production-698a.up.railway.app/api/auth/me:0
[   31460ms] [VERBOSE] [DOM] Input elements should have autocomplete attributes (suggested: "current-password"): (More info: https://goo.gl/9p2vKq) %o @ https://www.thook.ai/auth?expired=1:0
[   31724ms] [ERROR] Failed to load resource: the server responded with a status of 401 () @ https://gallant-intuition-production-698a.up.railway.app/api/auth/me:0
[   31905ms] [VERBOSE] [DOM] Input elements should have autocomplete attributes (suggested: "current-password"): (More info: https://goo.gl/9p2vKq) %o @ https://www.thook.ai/auth?expired=1:0
[   32195ms] [ERROR] Failed to load resource: the server responded with a status of 401 () @ https://gallant-intuition-production-698a.up.railway.app/api/auth/me:0
[   32275ms] [VERBOSE] [DOM] Input elements should have autocomplete attributes (suggested: "current-password"): (More info: https://goo.gl/9p2vKq) %o @ https://www.thook.ai/auth?expired=1:0
[   32562ms] [ERROR] Failed to load resource: the server responded with a status of 401 () @ https://gallant-intuition-production-698a.up.railway.app/api/auth/me:0
[   32833ms] [VERBOSE] [DOM] Input elements should have autocomplete attributes (suggested: "current-password"): (More info: https://goo.gl/9p2vKq) %o @ https://www.thook.ai/auth?expired=1:0
[   33021ms] [ERROR] Failed to load resource: the server responded with a status of 401 () @ https://gallant-intuition-production-698a.up.railway.app/api/auth/me:0
[   33106ms] [VERBOSE] [DOM] Input elements should have autocomplete attributes (suggested: "current-password"): (More info: https://goo.gl/9p2vKq) %o @ https://www.thook.ai/auth?expired=1:0
[   33437ms] [ERROR] Failed to load resource: the server responded with a status of 401 () @ https://gallant-intuition-production-698a.up.railway.app/api/auth/me:0
[   33530ms] [VERBOSE] [DOM] Input elements should have autocomplete attributes (suggested: "current-password"): (More info: https://goo.gl/9p2vKq) %o @ https://www.thook.ai/auth?expired=1:0
[   33814ms] [ERROR] Access to fetch at 'https://gallant-intuition-production-698a.up.railway.app/api/auth/me' from origin 'https://www.thook.ai' has been blocked by CORS policy: No 'Access-Control-Allow-Origin' header is present on the requested resource. @ https://www.thook.ai/auth?expired=1:0
[   33814ms] [ERROR] Failed to load resource: net::ERR_FAILED @ https://gallant-intuition-production-698a.up.railway.app/api/auth/me:0
